<?xml version="1.0" encoding="UTF-8"?>
<coverage generated="1658718765117" clover="3.2.0">
  <project timestamp="1658718765117" name="All files">
    <metrics statements="3" coveredstatements="2" conditionals="0" coveredconditionals="0" methods="1" coveredmethods="1" elements="4" coveredelements="3" complexity="0" loc="3" ncloc="3" packages="2" files="2" classes="2"/>
    <package name="src">
      <metrics statements="1" coveredstatements="0" conditionals="0" coveredconditionals="0" methods="0" coveredmethods="0"/>
      <file name="main.tsx" path="D:\Estudo I Projetos de Cursos\Cursos\Desenvolvimento\rocketseat\ignite-react\desafios-principais\todo-list-react\src\main.tsx">
        <metrics statements="1" coveredstatements="0" conditionals="0" coveredconditionals="0" methods="0" coveredmethods="0"/>
        <line num="6" count="0" type="stmt"/>
      </file>
    </package>
    <package name="src.components.Home">
      <metrics statements="2" coveredstatements="2" conditionals="0" coveredconditionals="0" methods="1" coveredmethods="1"/>
      <file name="index.tsx" path="D:\Estudo I Projetos de Cursos\Cursos\Desenvolvimento\rocketseat\ignite-react\desafios-principais\todo-list-react\src\components\Home\index.tsx">
        <metrics statements="2" coveredstatements="2" conditionals="0" coveredconditionals="0" methods="1" coveredmethods="1"/>
        <line num="3" count="1" type="stmt"/>
        <line num="4" count="1" type="stmt"/>
      </file>
    </package>
  </project>
</coverage>
