{"D:\\Estudo I Projetos de Cursos\\Cursos\\Desenvolvimento\\rocketseat\\ignite-react\\desafios-principais\\todo-list-react\\src\\main.tsx": {"path":"D:\\Estudo I Projetos de Cursos\\Cursos\\Desenvolvimento\\rocketseat\\ignite-react\\desafios-principais\\todo-list-react\\src\\main.tsx","statementMap":{"0":{"start":{"line":6,"column":0},"end":{"line":12,"column":2}}},"fnMap":{},"branchMap":{},"s":{"0":0},"f":{},"b":{}}
,"D:\\Estudo I Projetos de Cursos\\Cursos\\Desenvolvimento\\rocketseat\\ignite-react\\desafios-principais\\todo-list-react\\src\\components\\Home\\index.tsx": {"path":"D:\\Estudo I Projetos de Cursos\\Cursos\\Desenvolvimento\\rocketseat\\ignite-react\\desafios-principais\\todo-list-react\\src\\components\\Home\\index.tsx","statementMap":{"0":{"start":{"line":3,"column":20},"end":{"line":11,"column":1}},"1":{"start":{"line":4,"column":2},"end":{"line":10,"column":8}}},"fnMap":{"0":{"name":"(anonymous_0)","decl":{"start":{"line":3,"column":20},"end":{"line":3,"column":21}},"loc":{"start":{"line":4,"column":2},"end":{"line":10,"column":8}},"line":4}},"branchMap":{},"s":{"0":1,"1":1},"f":{"0":1},"b":{},"_coverageSchema":"1a1c01bbd47fc00a2c39e90264f33305004495a9","hash":"63acd18058adbfbfbe6ba0f77df026f1b5dbaeb3"}
}
